2025-06-19 10:52:47,934:WARNING:
'cuml' is a soft dependency and not included in the pycaret installation. Please run: `pip install cuml` to install.
2025-06-19 10:52:47,934:WARNING:
'cuml' is a soft dependency and not included in the pycaret installation. Please run: `pip install cuml` to install.
2025-06-19 10:52:47,934:WARNING:
'cuml' is a soft dependency and not included in the pycaret installation. Please run: `pip install cuml` to install.
2025-06-19 10:52:47,934:WARNING:
'cuml' is a soft dependency and not included in the pycaret installation. Please run: `pip install cuml` to install.
2025-06-19 10:52:49,255:INFO:Initializing load_model()
2025-06-19 10:52:49,255:INFO:load_model(model_name=welcome_survey_clustering_pipeline_v1, platform=None, authentication=None, verbose=True)
2025-06-19 10:52:56,807:INFO:Initializing load_model()
2025-06-19 10:52:56,808:INFO:load_model(model_name=welcome_survey_clustering_pipeline_v1, platform=None, authentication=None, verbose=True)
2025-06-19 10:53:27,500:INFO:Initializing load_model()
2025-06-19 10:53:27,500:INFO:load_model(model_name=welcome_survey_clustering_pipeline_v1, platform=None, authentication=None, verbose=True)
2025-06-19 10:53:27,578:WARNING:C:\conda\envs\od_zera_do_ai\Lib\site-packages\pycaret\internal\pipeline.py:148: UserWarning: Version mismatch:
current: {'deps_info': {'pip': '24.2', 'setuptools': '72.1.0', 'pycaret': '3.3.2', 'IPython': '8.30.0', 'ipywidgets': '7.8.5', 'tqdm': '4.67.1', 'numpy': '1.26.4', 'pandas': '2.1.4', 'jinja2': '3.1.4', 'scipy': '1.11.4', 'joblib': '1.2.0', 'sklearn': '1.4.2', 'pyod': '1.1.3', 'imblearn': '0.13.0', 'category_encoders': '2.6.3', 'lightgbm': '4.6.0', 'numba': '0.61.0', 'requests': '2.32.3', 'matplotlib': '3.9.2', 'scikitplot': '0.3.7', 'yellowbrick': '1.5', 'plotly': '5.24.1', 'plotly-resampler': 'Not installed', 'kaleido': '0.2.1', 'schemdraw': '0.15', 'statsmodels': '0.14.4', 'sktime': '0.26.0', 'tbats': '1.1.3', 'pmdarima': '2.0.4', 'psutil': '5.9.0', 'markupsafe': '2.1.3', 'pickle5': 'Not installed', 'cloudpickle': '3.0.0', 'deprecation': '2.1.0', 'xxhash': '3.5.0', 'wurlitzer': '3.1.1'}, 'python': {'version': '3.11.11', 'machine': 'AMD64'}}
pickle: {'deps_info': {'pip': '24.0', 'setuptools': '70.3.0', 'pycaret': '3.3.1', 'IPython': '8.26.0', 'ipywidgets': '8.1.3', 'tqdm': '4.66.5', 'numpy': '1.26.4', 'pandas': '1.5.3', 'jinja2': '3.1.4', 'scipy': '1.11.4', 'joblib': '1.3.2', 'sklearn': '1.4.2', 'pyod': '2.0.1', 'imblearn': '0.12.3', 'category_encoders': '2.6.3', 'lightgbm': '4.5.0', 'numba': '0.60.0', 'requests': '2.32.3', 'matplotlib': '3.8.4', 'scikitplot': '0.3.7', 'yellowbrick': '1.5', 'plotly': '5.23.0', 'plotly-resampler': 'Not installed', 'kaleido': '0.2.1', 'schemdraw': '0.15', 'statsmodels': '0.14.2', 'sktime': '0.26.0', 'tbats': '1.1.3', 'pmdarima': '2.0.4', 'psutil': '6.0.0', 'markupsafe': '2.1.5', 'pickle5': 'Not installed', 'cloudpickle': '3.0.0', 'deprecation': '2.1.0', 'xxhash': '3.4.1', 'wurlitzer': '3.1.1'}, 'python': {'version': '3.11.9', 'machine': 'arm64'}}
  warnings.warn(

2025-06-19 10:53:27,636:INFO:Initializing predict_model()
2025-06-19 10:53:27,645:INFO:Set up data.
2025-06-19 10:53:27,918:INFO:Initializing predict_model()
2025-06-19 10:53:27,918:INFO:Set up data.
2025-06-19 10:53:52,046:INFO:Initializing predict_model()
2025-06-19 10:53:52,050:INFO:Set up data.
2025-06-19 10:53:54,567:INFO:Initializing predict_model()
2025-06-19 10:53:54,571:INFO:Set up data.
2025-06-19 10:53:57,626:INFO:Initializing predict_model()
2025-06-19 10:53:57,631:INFO:Set up data.
2025-06-19 10:54:01,283:INFO:Initializing predict_model()
2025-06-19 10:54:01,283:INFO:Set up data.
2025-06-19 11:01:12,950:INFO:Initializing predict_model()
2025-06-19 11:01:12,954:INFO:Set up data.
2025-06-19 11:01:17,147:INFO:Initializing predict_model()
2025-06-19 11:01:17,151:INFO:Set up data.
2025-06-19 11:01:31,847:INFO:Initializing predict_model()
2025-06-19 11:01:31,851:INFO:Set up data.
2025-06-19 11:01:37,806:INFO:Initializing predict_model()
2025-06-19 11:01:37,810:INFO:Set up data.
2025-06-19 11:01:59,332:INFO:Initializing predict_model()
2025-06-19 11:01:59,336:INFO:Set up data.
2025-06-19 17:28:14,718:WARNING:
'cuml' is a soft dependency and not included in the pycaret installation. Please run: `pip install cuml` to install.
2025-06-19 17:28:14,718:WARNING:
'cuml' is a soft dependency and not included in the pycaret installation. Please run: `pip install cuml` to install.
2025-06-19 17:28:14,718:WARNING:
'cuml' is a soft dependency and not included in the pycaret installation. Please run: `pip install cuml` to install.
2025-06-19 17:28:14,719:WARNING:
'cuml' is a soft dependency and not included in the pycaret installation. Please run: `pip install cuml` to install.
2025-06-19 17:28:17,008:INFO:Initializing load_model()
2025-06-19 17:28:17,015:INFO:load_model(model_name=welcome_survey_clustering_pipeline_v1, platform=None, authentication=None, verbose=True)
2025-06-19 17:28:17,131:WARNING:C:\conda\envs\od_zera_do_ai\Lib\site-packages\pycaret\internal\pipeline.py:148: UserWarning: Version mismatch:
current: {'deps_info': {'pip': '24.2', 'setuptools': '72.1.0', 'pycaret': '3.3.2', 'IPython': '8.30.0', 'ipywidgets': '7.8.5', 'tqdm': '4.67.1', 'numpy': '1.26.4', 'pandas': '2.1.4', 'jinja2': '3.1.4', 'scipy': '1.11.4', 'joblib': '1.2.0', 'sklearn': '1.4.2', 'pyod': '1.1.3', 'imblearn': '0.13.0', 'category_encoders': '2.6.3', 'lightgbm': '4.6.0', 'numba': '0.61.0', 'requests': '2.32.3', 'matplotlib': '3.9.2', 'scikitplot': '0.3.7', 'yellowbrick': '1.5', 'plotly': '5.24.1', 'plotly-resampler': 'Not installed', 'kaleido': '0.2.1', 'schemdraw': '0.15', 'statsmodels': '0.14.4', 'sktime': '0.26.0', 'tbats': '1.1.3', 'pmdarima': '2.0.4', 'psutil': '5.9.0', 'markupsafe': '2.1.3', 'pickle5': 'Not installed', 'cloudpickle': '3.0.0', 'deprecation': '2.1.0', 'xxhash': '3.5.0', 'wurlitzer': '3.1.1'}, 'python': {'version': '3.11.11', 'machine': 'AMD64'}}
pickle: {'deps_info': {'pip': '24.0', 'setuptools': '70.3.0', 'pycaret': '3.3.1', 'IPython': '8.26.0', 'ipywidgets': '8.1.3', 'tqdm': '4.66.5', 'numpy': '1.26.4', 'pandas': '1.5.3', 'jinja2': '3.1.4', 'scipy': '1.11.4', 'joblib': '1.3.2', 'sklearn': '1.4.2', 'pyod': '2.0.1', 'imblearn': '0.12.3', 'category_encoders': '2.6.3', 'lightgbm': '4.5.0', 'numba': '0.60.0', 'requests': '2.32.3', 'matplotlib': '3.8.4', 'scikitplot': '0.3.7', 'yellowbrick': '1.5', 'plotly': '5.23.0', 'plotly-resampler': 'Not installed', 'kaleido': '0.2.1', 'schemdraw': '0.15', 'statsmodels': '0.14.2', 'sktime': '0.26.0', 'tbats': '1.1.3', 'pmdarima': '2.0.4', 'psutil': '6.0.0', 'markupsafe': '2.1.5', 'pickle5': 'Not installed', 'cloudpickle': '3.0.0', 'deprecation': '2.1.0', 'xxhash': '3.4.1', 'wurlitzer': '3.1.1'}, 'python': {'version': '3.11.9', 'machine': 'arm64'}}
  warnings.warn(

2025-06-19 17:28:17,182:INFO:Initializing predict_model()
2025-06-19 17:28:17,190:INFO:Set up data.
2025-06-19 17:28:17,437:INFO:Initializing predict_model()
2025-06-19 17:28:17,441:INFO:Set up data.
2025-06-19 17:33:38,865:INFO:Initializing predict_model()
2025-06-19 17:33:38,870:INFO:Set up data.
2025-06-19 17:33:44,714:INFO:Initializing predict_model()
2025-06-19 17:33:44,718:INFO:Set up data.
2025-06-19 17:33:46,942:INFO:Initializing predict_model()
2025-06-19 17:33:46,943:INFO:Set up data.
2025-06-19 17:33:53,637:INFO:Initializing predict_model()
2025-06-19 17:33:53,641:INFO:Set up data.
2025-06-19 17:34:15,933:INFO:Initializing predict_model()
2025-06-19 17:34:15,938:INFO:Set up data.
2025-06-19 17:34:26,189:INFO:Initializing predict_model()
2025-06-19 17:34:26,194:INFO:Set up data.
2025-06-19 17:34:31,057:INFO:Initializing predict_model()
2025-06-19 17:34:31,062:INFO:Set up data.
2025-06-19 17:34:39,701:INFO:Initializing predict_model()
2025-06-19 17:34:39,706:INFO:Set up data.
2025-06-19 17:45:20,145:INFO:Initializing predict_model()
2025-06-19 17:45:20,150:INFO:Set up data.
2025-06-19 17:45:54,373:INFO:Initializing predict_model()
2025-06-19 17:45:54,378:INFO:Set up data.
2025-06-19 17:46:34,982:INFO:Initializing predict_model()
2025-06-19 17:46:34,987:INFO:Set up data.
2025-06-19 17:46:57,364:INFO:Initializing predict_model()
2025-06-19 17:46:57,369:INFO:Set up data.
2025-06-19 17:47:09,753:INFO:Initializing predict_model()
2025-06-19 17:47:09,759:INFO:Set up data.
2025-06-19 17:47:46,979:INFO:Initializing predict_model()
2025-06-19 17:47:46,983:INFO:Set up data.
2025-06-19 17:48:05,940:INFO:Initializing predict_model()
2025-06-19 17:48:05,945:INFO:Set up data.
2025-06-19 17:49:34,166:INFO:Initializing predict_model()
2025-06-19 17:49:34,169:INFO:Set up data.
2025-06-19 17:49:39,474:INFO:Initializing predict_model()
2025-06-19 17:49:39,479:INFO:Set up data.
2025-06-19 17:49:41,806:INFO:Initializing predict_model()
2025-06-19 17:49:41,808:INFO:Set up data.
2025-06-19 17:49:43,962:INFO:Initializing predict_model()
2025-06-19 17:49:43,966:INFO:Set up data.
2025-06-19 17:49:46,392:INFO:Initializing predict_model()
2025-06-19 17:49:46,397:INFO:Set up data.
2025-06-19 18:00:35,430:INFO:Initializing predict_model()
2025-06-19 18:00:35,434:INFO:Set up data.
2025-06-19 18:00:37,607:INFO:Initializing predict_model()
2025-06-19 18:00:37,613:INFO:Set up data.
2025-06-20 12:02:47,514:WARNING:
'cuml' is a soft dependency and not included in the pycaret installation. Please run: `pip install cuml` to install.
2025-06-20 12:02:47,514:WARNING:
'cuml' is a soft dependency and not included in the pycaret installation. Please run: `pip install cuml` to install.
2025-06-20 12:02:47,515:WARNING:
'cuml' is a soft dependency and not included in the pycaret installation. Please run: `pip install cuml` to install.
2025-06-20 12:02:47,515:WARNING:
'cuml' is a soft dependency and not included in the pycaret installation. Please run: `pip install cuml` to install.
2025-06-20 12:02:48,692:INFO:Initializing load_model()
2025-06-20 12:02:48,692:INFO:load_model(model_name=welcome_survey_clustering_pipeline_v1, platform=None, authentication=None, verbose=True)
2025-06-20 12:02:48,768:WARNING:C:\conda\envs\od_zera_do_ai\Lib\site-packages\pycaret\internal\pipeline.py:148: UserWarning: Version mismatch:
current: {'deps_info': {'pip': '24.2', 'setuptools': '72.1.0', 'pycaret': '3.3.2', 'IPython': '8.30.0', 'ipywidgets': '7.8.5', 'tqdm': '4.67.1', 'numpy': '1.26.4', 'pandas': '2.1.4', 'jinja2': '3.1.4', 'scipy': '1.11.4', 'joblib': '1.2.0', 'sklearn': '1.4.2', 'pyod': '1.1.3', 'imblearn': '0.13.0', 'category_encoders': '2.6.3', 'lightgbm': '4.6.0', 'numba': '0.61.0', 'requests': '2.32.3', 'matplotlib': '3.9.2', 'scikitplot': '0.3.7', 'yellowbrick': '1.5', 'plotly': '5.24.1', 'plotly-resampler': 'Not installed', 'kaleido': '0.2.1', 'schemdraw': '0.15', 'statsmodels': '0.14.4', 'sktime': '0.26.0', 'tbats': '1.1.3', 'pmdarima': '2.0.4', 'psutil': '5.9.0', 'markupsafe': '2.1.3', 'pickle5': 'Not installed', 'cloudpickle': '3.0.0', 'deprecation': '2.1.0', 'xxhash': '3.5.0', 'wurlitzer': '3.1.1'}, 'python': {'version': '3.11.11', 'machine': 'AMD64'}}
pickle: {'deps_info': {'pip': '24.0', 'setuptools': '70.3.0', 'pycaret': '3.3.1', 'IPython': '8.26.0', 'ipywidgets': '8.1.3', 'tqdm': '4.66.5', 'numpy': '1.26.4', 'pandas': '1.5.3', 'jinja2': '3.1.4', 'scipy': '1.11.4', 'joblib': '1.3.2', 'sklearn': '1.4.2', 'pyod': '2.0.1', 'imblearn': '0.12.3', 'category_encoders': '2.6.3', 'lightgbm': '4.5.0', 'numba': '0.60.0', 'requests': '2.32.3', 'matplotlib': '3.8.4', 'scikitplot': '0.3.7', 'yellowbrick': '1.5', 'plotly': '5.23.0', 'plotly-resampler': 'Not installed', 'kaleido': '0.2.1', 'schemdraw': '0.15', 'statsmodels': '0.14.2', 'sktime': '0.26.0', 'tbats': '1.1.3', 'pmdarima': '2.0.4', 'psutil': '6.0.0', 'markupsafe': '2.1.5', 'pickle5': 'Not installed', 'cloudpickle': '3.0.0', 'deprecation': '2.1.0', 'xxhash': '3.4.1', 'wurlitzer': '3.1.1'}, 'python': {'version': '3.11.9', 'machine': 'arm64'}}
  warnings.warn(

2025-06-20 12:02:48,865:INFO:Initializing predict_model()
2025-06-20 12:02:48,870:INFO:Set up data.
2025-06-20 12:02:49,050:INFO:Initializing predict_model()
2025-06-20 12:02:49,054:INFO:Set up data.
2025-06-20 12:02:57,556:INFO:Initializing predict_model()
2025-06-20 12:02:57,562:INFO:Set up data.
2025-06-20 12:02:59,715:INFO:Initializing predict_model()
2025-06-20 12:02:59,719:INFO:Set up data.
2025-06-20 12:03:01,695:INFO:Initializing predict_model()
2025-06-20 12:03:01,729:INFO:Set up data.
2025-06-20 12:03:04,190:INFO:Initializing predict_model()
2025-06-20 12:03:04,190:INFO:Set up data.
2025-06-20 12:03:33,420:INFO:Initializing predict_model()
2025-06-20 12:03:33,425:INFO:Set up data.
2025-06-20 12:03:39,533:INFO:Initializing predict_model()
2025-06-20 12:03:39,537:INFO:Set up data.
2025-06-20 12:03:48,769:INFO:Initializing predict_model()
2025-06-20 12:03:48,774:INFO:Set up data.
2025-06-20 12:03:57,153:INFO:Initializing predict_model()
2025-06-20 12:03:57,159:INFO:Set up data.
2025-06-20 12:04:02,234:INFO:Initializing predict_model()
2025-06-20 12:04:02,238:INFO:Set up data.
2025-06-20 12:04:15,462:INFO:Initializing predict_model()
2025-06-20 12:04:15,466:INFO:Set up data.
2025-06-20 12:04:25,815:INFO:Initializing predict_model()
2025-06-20 12:04:25,818:INFO:Set up data.
2025-06-20 12:04:34,221:INFO:Initializing predict_model()
2025-06-20 12:04:34,225:INFO:Set up data.
2025-06-20 12:04:37,936:INFO:Initializing predict_model()
2025-06-20 12:04:37,942:INFO:Set up data.
2025-06-20 12:04:51,691:WARNING:
'cuml' is a soft dependency and not included in the pycaret installation. Please run: `pip install cuml` to install.
2025-06-20 12:04:51,691:WARNING:
'cuml' is a soft dependency and not included in the pycaret installation. Please run: `pip install cuml` to install.
2025-06-20 12:04:51,691:WARNING:
'cuml' is a soft dependency and not included in the pycaret installation. Please run: `pip install cuml` to install.
2025-06-20 12:04:51,691:WARNING:
'cuml' is a soft dependency and not included in the pycaret installation. Please run: `pip install cuml` to install.
2025-06-20 12:04:52,846:INFO:Initializing load_model()
2025-06-20 12:04:52,846:INFO:load_model(model_name=welcome_survey_clustering_pipeline_v1, platform=None, authentication=None, verbose=True)
2025-06-20 12:04:52,929:WARNING:C:\conda\envs\od_zera_do_ai\Lib\site-packages\pycaret\internal\pipeline.py:148: UserWarning: Version mismatch:
current: {'deps_info': {'pip': '24.2', 'setuptools': '72.1.0', 'pycaret': '3.3.2', 'IPython': '8.30.0', 'ipywidgets': '7.8.5', 'tqdm': '4.67.1', 'numpy': '1.26.4', 'pandas': '2.1.4', 'jinja2': '3.1.4', 'scipy': '1.11.4', 'joblib': '1.2.0', 'sklearn': '1.4.2', 'pyod': '1.1.3', 'imblearn': '0.13.0', 'category_encoders': '2.6.3', 'lightgbm': '4.6.0', 'numba': '0.61.0', 'requests': '2.32.3', 'matplotlib': '3.9.2', 'scikitplot': '0.3.7', 'yellowbrick': '1.5', 'plotly': '5.24.1', 'plotly-resampler': 'Not installed', 'kaleido': '0.2.1', 'schemdraw': '0.15', 'statsmodels': '0.14.4', 'sktime': '0.26.0', 'tbats': '1.1.3', 'pmdarima': '2.0.4', 'psutil': '5.9.0', 'markupsafe': '2.1.3', 'pickle5': 'Not installed', 'cloudpickle': '3.0.0', 'deprecation': '2.1.0', 'xxhash': '3.5.0', 'wurlitzer': '3.1.1'}, 'python': {'version': '3.11.11', 'machine': 'AMD64'}}
pickle: {'deps_info': {'pip': '24.0', 'setuptools': '70.3.0', 'pycaret': '3.3.1', 'IPython': '8.26.0', 'ipywidgets': '8.1.3', 'tqdm': '4.66.5', 'numpy': '1.26.4', 'pandas': '1.5.3', 'jinja2': '3.1.4', 'scipy': '1.11.4', 'joblib': '1.3.2', 'sklearn': '1.4.2', 'pyod': '2.0.1', 'imblearn': '0.12.3', 'category_encoders': '2.6.3', 'lightgbm': '4.5.0', 'numba': '0.60.0', 'requests': '2.32.3', 'matplotlib': '3.8.4', 'scikitplot': '0.3.7', 'yellowbrick': '1.5', 'plotly': '5.23.0', 'plotly-resampler': 'Not installed', 'kaleido': '0.2.1', 'schemdraw': '0.15', 'statsmodels': '0.14.2', 'sktime': '0.26.0', 'tbats': '1.1.3', 'pmdarima': '2.0.4', 'psutil': '6.0.0', 'markupsafe': '2.1.5', 'pickle5': 'Not installed', 'cloudpickle': '3.0.0', 'deprecation': '2.1.0', 'xxhash': '3.4.1', 'wurlitzer': '3.1.1'}, 'python': {'version': '3.11.9', 'machine': 'arm64'}}
  warnings.warn(

2025-06-20 12:04:52,980:INFO:Initializing predict_model()
2025-06-20 12:04:52,990:INFO:Set up data.
2025-06-20 12:04:53,157:INFO:Initializing predict_model()
2025-06-20 12:04:53,160:INFO:Set up data.
2025-06-20 12:04:59,783:INFO:Initializing predict_model()
2025-06-20 12:04:59,788:INFO:Set up data.
2025-06-20 12:05:02,034:INFO:Initializing predict_model()
2025-06-20 12:05:02,038:INFO:Set up data.
2025-06-20 12:05:04,909:INFO:Initializing predict_model()
2025-06-20 12:05:04,914:INFO:Set up data.
2025-06-20 12:05:07,351:INFO:Initializing predict_model()
2025-06-20 12:05:07,355:INFO:Set up data.
2025-06-20 12:05:12,882:INFO:Initializing predict_model()
2025-06-20 12:05:12,887:INFO:Set up data.
2025-06-20 12:05:15,614:INFO:Initializing predict_model()
2025-06-20 12:05:15,617:INFO:Set up data.
2025-06-20 12:05:18,734:INFO:Initializing predict_model()
2025-06-20 12:05:18,738:INFO:Set up data.
2025-06-20 12:05:23,539:INFO:Initializing predict_model()
2025-06-20 12:05:23,543:INFO:Set up data.
2025-06-20 12:05:25,827:INFO:Initializing predict_model()
2025-06-20 12:05:25,831:INFO:Set up data.
2025-06-20 12:05:29,429:INFO:Initializing predict_model()
2025-06-20 12:05:29,434:INFO:Set up data.
2025-06-20 12:05:33,238:INFO:Initializing predict_model()
2025-06-20 12:05:33,242:INFO:Set up data.
2025-06-20 12:05:36,162:INFO:Initializing predict_model()
2025-06-20 12:05:36,165:INFO:Set up data.
2025-06-20 20:04:56,335:WARNING:
'cuml' is a soft dependency and not included in the pycaret installation. Please run: `pip install cuml` to install.
2025-06-20 20:04:56,335:WARNING:
'cuml' is a soft dependency and not included in the pycaret installation. Please run: `pip install cuml` to install.
2025-06-20 20:04:56,339:WARNING:
'cuml' is a soft dependency and not included in the pycaret installation. Please run: `pip install cuml` to install.
2025-06-20 20:04:56,339:WARNING:
'cuml' is a soft dependency and not included in the pycaret installation. Please run: `pip install cuml` to install.
2025-06-20 20:04:58,742:INFO:Initializing load_model()
2025-06-20 20:04:58,742:INFO:load_model(model_name=welcome_survey_clustering_pipeline_v2, platform=None, authentication=None, verbose=True)
2025-06-20 20:04:58,941:INFO:Initializing predict_model()
2025-06-20 20:04:58,951:INFO:Set up data.
2025-06-20 20:04:59,289:INFO:Initializing predict_model()
2025-06-20 20:04:59,293:INFO:Set up data.
2025-06-20 20:05:15,489:INFO:Initializing predict_model()
2025-06-20 20:05:15,491:INFO:Set up data.
2025-06-20 20:05:18,963:INFO:Initializing predict_model()
2025-06-20 20:05:18,964:INFO:Set up data.
2025-06-20 20:05:22,229:INFO:Initializing predict_model()
2025-06-20 20:05:22,233:INFO:Set up data.
2025-06-20 20:05:29,097:INFO:Initializing predict_model()
2025-06-20 20:05:29,101:INFO:Set up data.
